INFO	?	main	2016-05-27T05:18:37.620Z	org.javacs.Main#connectToNode	Connected to parent using socket on port 55282
SEVERE	?	pool-1-thread-1	2016-05-27T05:18:37.761Z	org.javacs.Main#lambda$run$0	Illegal char <:> at index 2: /e:/ReactNative/Lesson24/index.android.js
java.nio.file.InvalidPathException: Illegal char <:> at index 2: /e:/ReactNative/Lesson24/index.android.js
	at sun.nio.fs.WindowsPathParser.normalize(WindowsPathParser.java:182)
	at sun.nio.fs.WindowsPathParser.parse(WindowsPathParser.java:153)
	at sun.nio.fs.WindowsPathParser.parse(WindowsPathParser.java:77)
	at sun.nio.fs.WindowsPath.parse(WindowsPath.java:94)
	at sun.nio.fs.WindowsFileSystem.getPath(WindowsFileSystem.java:255)
	at java.nio.file.Paths.get(Paths.java:84)
	at org.javacs.JavaLanguageServer.getFilePath(JavaLanguageServer.java:212)
	at org.javacs.JavaLanguageServer.access$000(JavaLanguageServer.java:21)
	at org.javacs.JavaLanguageServer$1.didOpen(JavaLanguageServer.java:159)
	at io.typefox.lsapi.json.LanguageServerToJsonAdapter._doAccept(LanguageServerToJsonAdapter.java:310)
	at io.typefox.lsapi.json.LanguageServerToJsonAdapter.doAccept(LanguageServerToJsonAdapter.java:394)
	at io.typefox.lsapi.json.LanguageServerToJsonAdapter.accept(LanguageServerToJsonAdapter.java:152)
	at io.typefox.lsapi.json.LanguageServerProtocol.handleMessage(LanguageServerProtocol.java:248)
	at io.typefox.lsapi.json.LanguageServerProtocol.listen(LanguageServerProtocol.java:167)
	at io.typefox.lsapi.json.LanguageServerProtocol$InputListener.run(LanguageServerProtocol.java:59)
	at java.util.concurrent.Executors$RunnableAdapter.call(Executors.java:511)
	at java.util.concurrent.FutureTask.run(FutureTask.java:266)
	at java.util.concurrent.ThreadPoolExecutor.runWorker(ThreadPoolExecutor.java:1142)
	at java.util.concurrent.ThreadPoolExecutor$Worker.run(ThreadPoolExecutor.java:617)
	at java.lang.Thread.run(Thread.java:745)

